[21:36:06] [main/INFO]: Environment: authHost='https://authserver.mojang.com', accountsHost='https://api.mojang.com', sessionHost='https://sessionserver.mojang.com', servicesHost='https://api.minecraftservices.com', name='PROD'
[21:36:07] [main/INFO]: Reloading ResourceManager: Default, bukkit
[21:36:07] [Worker-Main-2/INFO]: Loaded 7 recipes
[21:36:08] [Server thread/INFO]: Starting minecraft server version 1.17.1
[21:36:08] [Server thread/INFO]: Loading properties
[21:36:08] [Server thread/INFO]: This server is running Paper version git-Paper-279 (MC: 1.17.1) (Implementing API version 1.17.1-R0.1-SNAPSHOT) (Git: 6de48db)
[21:36:08] [Server thread/INFO]: Using 4 threads for Netty based IO
[21:36:08] [Server thread/INFO]: Server Ping Player Sample Count: 12
[21:36:08] [Server thread/INFO]: Default game type: SURVIVAL
[21:36:08] [Server thread/INFO]: Generating keypair
[21:36:08] [Server thread/INFO]: Starting Minecraft server on *:25566
[21:36:08] [Server thread/INFO]: Using default channel type
[21:36:08] [Server thread/INFO]: Paper: Using Java 11 compression from Velocity.
[21:36:08] [Server thread/INFO]: Paper: Using Java cipher from Velocity.
[21:36:08] [Server thread/INFO]: Server permissions file permissions.yml is empty, ignoring it
[21:36:08] [Server thread/WARN]: **** SERVER IS RUNNING IN OFFLINE/INSECURE MODE!
[21:36:08] [Server thread/WARN]: The server will make no attempt to authenticate usernames. Beware.
[21:36:08] [Server thread/WARN]: Whilst this makes it possible to use BungeeCord, unless access to your server is properly restricted, it also opens up the ability for hackers to connect with any username they choose.
[21:36:08] [Server thread/WARN]: Please see http://www.spigotmc.org/wiki/firewall-guide/ for further information.
[21:36:08] [Server thread/WARN]: To change this, set "online-mode" to "true" in the server.properties file.
[21:36:08] [Server thread/INFO]: Preparing level "world"
[21:36:09] [Server thread/INFO]: Preparing start region for dimension minecraft:overworld
[21:36:09] [Server thread/INFO]: Time elapsed: 139 ms
[21:36:09] [Server thread/INFO]: Preparing start region for dimension minecraft:the_nether
[21:36:09] [Server thread/INFO]: Time elapsed: 58 ms
[21:36:09] [Server thread/INFO]: Preparing start region for dimension minecraft:the_end
[21:36:09] [Server thread/INFO]: Time elapsed: 63 ms
[21:36:09] [Server thread/INFO]: Running delayed init tasks
[21:36:09] [Server thread/INFO]: Done (1.084s)! For help, type "help"
[21:36:09] [Server thread/INFO]: Timings Reset
